zip()
参数为可迭代对象（list，str，dict，tuple等)，数量为一个或多个
将参数中的对应元素打包为元组，以列表类型返回打包的元组，即压缩
若使用 * 操作符操作参数，则将列表中各元组作为参数进行zip，即解压缩
注意：
【1】python3 中 zip() 返回一个对象，如需访问其中内容，需自行进行 list() 转换
【2】参数为多个时，若多个参数包含的元素个数不同，返回的列表长度与最短对象相同
【3】zip(*) 解压缩，也是调用 zip()，返回的同样是元组序列组成的列表对象
【4】用 zip(*) 解压缩时，若将返回的结果赋予与结果的子序列数量相同的结果列表，则各结果列表分别存储一个子序列，且返回内容无需转换，字符串、字典等除外

压缩zip()
长度相等列表zip
列表参数1：[0, 1, 2]
列表参数2：[3, 4, 5]
zip()返回：<zip object at 0x000001ED03AAA400>
zip()结果：[(0, 3), (1, 4), (2, 5)]

长度相等元组zip
元组参数1：(0, 1, 2)
元组参数2：(3, 4, 5)
zip()返回：<zip object at 0x000001ED03AAA340>
zip()结果：[(0, 3), (1, 4), (2, 5)]

长度相等字符串zip
字符串参数1：abc
字符串参数2：def
zip()返回：<zip object at 0x000001ED03AAA280>
zip()结果：[('a', 'd'), ('b', 'e'), ('c', 'f')]

长度相等字典zip
字典参数1：{'a': 0, 'b': 1, 'c': 2}
字典参数2：{'d': 3, 'e': 4, 'f': 5}
zip()返回：<zip object at 0x000001ED03AAA180>
zip()结果：[('a', 'd'), ('b', 'e'), ('c', 'f')]

长度不等列表zip
列表参数1：[0, 1, 2]
列表参数2：[6, 7, 8, 9]
zip()返回：<zip object at 0x000001ED03AAA0C0>
zip()结果：[(0, 6), (1, 7), (2, 8)]

长度不等元组zip
元组参数1：(0, 1, 2)
元组参数2：(6, 7, 8, 9)
zip()返回：<zip object at 0x000001ED03AAA040>
zip()结果：[(0, 6), (1, 7), (2, 8)]

长度相等字符串zip
字符串参数1：abc
字符串参数2：ghij
zip()返回：<zip object at 0x000001ED03AA9F80>
zip()结果：[('a', 'g'), ('b', 'h'), ('c', 'i')]

长度不等字典zip
字典参数1：{'a': 0, 'b': 1, 'c': 2}
字典参数2：{'g': 6, 'h': 7, 'i': 8, 'j': 9}
zip()返回：<zip object at 0x000001ED03AA9E80>
zip()结果：[('a', 'g'), ('b', 'h'), ('c', 'i')]

长度相等类型不同zip
列表参数：[6, 7, 8, 9]
元组参数：(6, 7, 8, 9)
zip()返回：<zip object at 0x000001ED03AA9E00>
zip()结果：[(6, 6), (7, 7), (8, 8), (9, 9)]
列表参数：[6, 7, 8, 9]
字符串参数：ghij
zip()返回：<zip object at 0x000001ED03AA9D00>
zip()结果：[(6, 'g'), (7, 'h'), (8, 'i'), (9, 'j')]
列表参数：[6, 7, 8, 9]
字典参数：{'g': 6, 'h': 7, 'i': 8, 'j': 9}
zip()返回：<zip object at 0x000001ED03AA9C40>
zip()结果：[(6, 'g'), (7, 'h'), (8, 'i'), (9, 'j')]
元组参数：(6, 7, 8, 9)
字符串参数：ghij
zip()返回：<zip object at 0x000001ED03AA9B80>
zip()结果：[(6, 'g'), (7, 'h'), (8, 'i'), (9, 'j')]
元组参数：(6, 7, 8, 9)
字典参数：{'g': 6, 'h': 7, 'i': 8, 'j': 9}
zip()返回：<zip object at 0x000001ED03AA9AC0>
zip()结果：[(6, 'g'), (7, 'h'), (8, 'i'), (9, 'j')]
字符串参数：ghij
字典参数：{'g': 6, 'h': 7, 'i': 8, 'j': 9}
zip()返回：<zip object at 0x000001ED03AA9900>
zip()结果：[('g', 'g'), ('h', 'h'), ('i', 'i'), ('j', 'j')]

长度不等类型不同zip
列表参数：[0, 1, 2]
元组参数：(6, 7, 8, 9)
zip()返回：<zip object at 0x000001ED03AA9680>
zip()结果：[(0, 6), (1, 7), (2, 8)]
列表参数：[0, 1, 2]
字符串参数：ghij
zip()返回：<zip object at 0x000001ED03AA94C0>
zip()结果：[(0, 'g'), (1, 'h'), (2, 'i')]
列表参数：[0, 1, 2]
字典参数：{'g': 6, 'h': 7, 'i': 8, 'j': 9}
zip()返回：<zip object at 0x000001ED03AA9340>
zip()结果：[(0, 'g'), (1, 'h'), (2, 'i')]
元组参数：(0, 1, 2)
字符串参数：ghij
zip()返回：<zip object at 0x000001ED03AA9180>
zip()结果：[(0, 'g'), (1, 'h'), (2, 'i')]
元组参数：(0, 1, 2)
字典参数：{'g': 6, 'h': 7, 'i': 8, 'j': 9}
zip()返回：<zip object at 0x000001ED03AA8240>
zip()结果：[(0, 'g'), (1, 'h'), (2, 'i')]
字符串参数：abc
字典参数：{'g': 6, 'h': 7, 'i': 8, 'j': 9}
zip()返回：<zip object at 0x000001ED03AA8080>
zip()结果：[('a', 'g'), ('b', 'h'), ('c', 'i')]
解压缩zip(*)
长度相等子列表zip*
列表参数：[[1, 2, 3], [4, 5, 6], [7, 8, 9]]
参数子序列1：[1, 2, 3]
参数子序列2：[4, 5, 6]
参数子序列3：[7, 8, 9]
zip(*)返回：<zip object at 0x000001ED03AA9180>
zip(*)结果：[(1, 4, 7), (2, 5, 8), (3, 6, 9)]
结果子序列1：(1, 4, 7)
结果子序列2：(2, 5, 8)
结果子序列3：(3, 6, 9)

长度相等子元组zip*
元组参数：((1, 2, 3), (4, 5, 6), (7, 8, 9))
参数子序列1：(1, 2, 3)
参数子序列2：(4, 5, 6)
参数子序列3：(7, 8, 9)
zip(*)返回：<zip object at 0x000001ED03AA9840>
zip(*)结果：[(1, 4, 7), (2, 5, 8), (3, 6, 9)]
结果子序列1：(1, 4, 7)
结果子序列2：(2, 5, 8)
结果子序列3：(3, 6, 9)

长度相等子字符串zip*
字符串参数：abc
参数子序列1：a
参数子序列2：b
参数子序列3：c
zip(*)返回：<zip object at 0x000001ED03AA9C80>
zip(*)结果：[('a', 'b', 'c')]
结果子序列1：[('a', 'b', 'c')]

长度相等子字典zip*
字典参数：{'a': 1, 'b': 2}
参数子序列1：('a', 1)
参数子序列2：('b', 2)
zip(*)返回：<zip object at 0x000001ED03AA9FC0>
zip(*)结果：[('a', 'b')]
结果子序列1：[('a', 'b')]

